PS D:\Coding\PythonProject\Python_Homework_202211\Final> python main.py
crawling cbd info in 北京
crawling cbd info in 上海
crawling cbd info in 广州
crawling cbd info in 深圳
crawling cbd info in 漳州
finish in 漳州
finish in 深圳
finish in 北京
finish in 上海
finish in 广州
done.
crawling renting info in 北京
crawling renting info in 漳州
crawling renting info in cbd 北京--怀柔, expected total 90
crawling renting info in cbd 上海--金山, expected total 83
crawling renting info in cbd 广州--岑村, expected total 105
crawling renting info in cbd 深圳--大鹏半岛, expected total 111
crawling renting info in cbd 漳州--府前, expected total 151
crawling renting info in cbd 北京--安定门, expected total 111
crawling renting info in cbd 上海--陈家镇, expected total 12
crawling renting info in cbd 上海--崇明其它, expected total 1
crawling renting info in cbd 广州--东涌, expected total 8
crawling renting info in cbd 深圳--银湖, expected total 173
crawling renting info in cbd 上海--长兴岛, expected total 5
crawling renting info in cbd 广州--万顷沙, expected total 36
crawling renting info in cbd 上海--闸北公园, expected total 101
crawling renting info in cbd 漳州--角美台商投资区, expected total 1203
crawling renting info in cbd 北京--左安门, expected total 67
crawling renting info in cbd 广州--鱼窝头, expected total 1
crawling renting info in cbd 广州--南沙港, expected total 889
crawling renting info in cbd 北京--怀柔其它, expected total 3
crawling renting info in cbd 上海--阳城, expected total 111
crawling renting info in cbd 深圳--坪山, expected total 560
crawling renting info in cbd 北京--长阳, expected total 388
crawling renting info in cbd 上海--崇明新城, expected total 8
crawling renting info in cbd 上海--永和, expected total 50
crawling renting info in cbd 上海--大华, expected total 251
crawling renting info in cbd 北京--后沙峪, expected total 519
crawling renting info in cbd 上海--北外滩, expected total 129
crawling renting info in cbd 深圳--布心, expected total 411
crawling renting info in cbd 上海--鞍山, expected total 343
crawling renting info in cbd 广州--南沙区府, expected total 425
crawling renting info in cbd 北京--石门营, expected total 66
crawling renting info in cbd 上海--彭浦, expected total 342
crawling renting info in cbd 深圳--坂田, expected total 2246
crawling renting info in cbd 北京--上岸地铁, expected total 80
crawling renting info in cbd 漳州--华安县, expected total 3
crawling renting info in cbd 北京--滨河西区, expected total 95
crawling renting info in cbd 漳州--港尾镇, expected total 180
crawling renting info in cbd 北京--门头沟其它, expected total 26
crawling renting info in cbd 广州--榄核镇, expected total 53
crawling renting info in cbd 北京--冯村, expected total 28
crawling renting info in cbd 北京--城子, expected total 52
crawling renting info in cbd 漳州--北斗工业区, expected total 76
crawling renting info in cbd 广州--南沙湾, expected total 252
crawling renting info in cbd 上海--北蔡, expected total 393
crawling renting info in cbd 北京--大峪, expected total 99
crawling renting info in cbd 漳州--东山县, expected total 6
crawling renting info in cbd 漳州--漳浦城东, expected total 137
crawling renting info in cbd 北京--赵公口, expected total 53
crawling renting info in cbd 北京--太平桥, expected total 91
crawling renting info in cbd 漳州--漳浦城西, expected total 75
crawling renting info in cbd 广州--金洲, expected total 2131
crawling renting info in cbd 北京--右安门外, expected total 55
crawling renting info in cbd 漳州--漳浦城北, expected total 172
crawling renting info in cbd 北京--岳各庄, expected total 102
crawling renting info in cbd 上海--长寿路, expected total 290
crawling renting info in cbd 北京--五里店, expected total 38
crawling renting info in cbd 漳州--平和县, expected total 2
crawling renting info in cbd 漳州--漳浦江滨, expected total 151
crawling renting info in cbd 北京--七里庄, expected total 102
crawling renting info in cbd 北京--玉泉营, expected total 244
crawling renting info in cbd 上海--西藏北路, expected total 277
crawling renting info in cbd 漳州--古雷港开发区, expected total 2
crawling renting info in cbd 漳州--龙池开发区, expected total 695
crawling renting info in cbd 北京--白纸坊, expected total 31
crawling renting info in cbd 北京--右安门内, expected total 72
crawling renting info in cbd 上海--祝桥, expected total 14
crawling renting info in cbd 上海--周浦, expected total 233
crawling renting info in cbd 北京--西四, expected total 27
crawling renting info in cbd 北京--天宁寺, expected total 50
crawling renting info in cbd 北京--宣武门, expected total 36
crawling renting info in cbd 北京--牛街, expected total 79
crawling renting info in cbd 北京--月坛, expected total 195
crawling renting info in cbd 上海--张江, expected total 271
crawling renting info in cbd 漳州--湘桥湖周边, expected total 726
crawling renting info in cbd 北京--木樨地, expected total 117
crawling renting info in cbd 上海--洋泾, expected total 200
crawling renting info in cbd 北京--金融街, expected total 170
crawling renting info in cbd 北京--官园, expected total 75
crawling renting info in cbd 上海--杨东, expected total 123
crawling renting info in cbd 北京--阜成门, expected total 124
crawling renting info in cbd 深圳--公明, expected total 785
crawling renting info in cbd 上海--杨思前滩, expected total 399
crawling renting info in cbd 北京--长椿街, expected total 56
crawling renting info in cbd 北京--车公庄, expected total 58
crawling renting info in cbd 北京--德胜门, expected total 44
crawling renting info in cbd 漳州--蓝田宝龙商圈, expected total 695
crawling renting info in cbd 北京--马家堡, expected total 301
crawling renting info in cbd 上海--源深, expected total 100
crawling renting info in cbd 广州--明珠湾, expected total 1012
crawling renting info in cbd 上海--新场, expected total 36
crawling renting info in cbd 北京--马连道, expected total 187
crawling renting info in cbd 上海--御桥, expected total 138
crawling renting info in cbd 上海--宣桥, expected total 6
crawling renting info in cbd 深圳--新秀, expected total 176
crawling renting info in cbd 上海--潍坊, expected total 259
crawling renting info in cbd 北京--青塔, expected total 260
crawling renting info in cbd 深圳--清水河, expected total 148
crawling renting info in cbd 漳州--福隆城商圈, expected total 890
crawling renting info in cbd 上海--万祥镇, expected total 11
crawling renting info in cbd 北京--木樨园, expected total 38
crawling renting info in cbd 上海--塘桥, expected total 210
crawling renting info in cbd 北京--丽泽, expected total 99
crawling renting info in cbd 深圳--万象城, expected total 334
crawling renting info in cbd 北京--看丹桥, expected total 56
crawling renting info in cbd 上海--外高桥, expected total 49
crawling renting info in cbd 北京--卢沟桥, expected total 93
crawling renting info in cbd 上海--唐镇, expected total 213
crawling renting info in cbd 北京--刘家窑, expected total 136
crawling renting info in cbd 深圳--笋岗, expected total 284
crawling renting info in cbd 广州--黄阁, expected total 599
crawling renting info in cbd 北京--角门, expected total 51
crawling renting info in cbd 上海--书院镇, expected total 5
crawling renting info in cbd 北京--花乡, expected total 32
crawling renting info in cbd 上海--世博, expected total 398
crawling renting info in cbd 北京--广安门, expected total 240
crawling renting info in cbd 深圳--螺岭, expected total 470
crawling renting info in cbd 漳州--闽南水乡, expected total 819
crawling renting info in cbd 北京--丰台其它, expected total 52
crawling renting info in cbd 北京--北京南站, expected total 53
crawling renting info in cbd 上海--三林, expected total 384
crawling renting info in cbd 北京--草桥, expected total 67
crawling renting info in cbd 广州--进港大道, expected total 1615
crawling renting info in cbd 北京--大红门, expected total 74
crawling renting info in cbd 北京--菜户营, expected total 146
crawling renting info in cbd 深圳--罗湖口岸, expected total 250
crawling renting info in cbd 北京--玉桥, expected total 51
crawling renting info in cbd 北京--武夷花园, expected total 237
crawling renting info in cbd 上海--泥城镇, expected total 53
crawling renting info in cbd 上海--南码头, expected total 179
crawling renting info in cbd 深圳--黄木岗, expected total 10
crawling renting info in cbd 深圳--莲塘, expected total 617
crawling renting info in cbd 北京--万达, expected total 192
crawling renting info in cbd 上海--梅园, expected total 370
crawling renting info in cbd 漳州--碧湖万达, expected total 1952
crawling renting info in cbd 北京--乔庄, expected total 51
crawling renting info in cbd 北京--九棵树(家乐福), expected total 171
crawling renting info in cbd 上海--联洋, expected total 127
crawling renting info in cbd 北京--潞苑, expected total 121
crawling renting info in cbd 深圳--盐田港, expected total 244
crawling renting info in cbd 北京--梨园, expected total 98
crawling renting info in cbd 上海--临港新城, expected total 97
crawling renting info in cbd 上海--陆家嘴, expected total 307
crawling renting info in cbd 北京--临河里, expected total 208
crawling renting info in cbd 深圳--白石洲, expected total 220
crawling renting info in cbd 北京--小汤山, expected total 19
crawling renting info in cbd 北京--西关环岛, expected total 46
crawling renting info in cbd 北京--果园, expected total 91
crawling renting info in cbd 深圳--沙头角, expected total 441
crawling renting info in cbd 广州--横沥, expected total 43
crawling renting info in cbd 上海--康桥, expected total 151
crawling renting info in cbd 广州--亚运城, expected total 721
crawling renting info in cbd 北京--霍营, expected total 77
crawling renting info in cbd 北京--沙河, expected total 90
crawling renting info in cbd 上海--金杨, expected total 299
crawling renting info in cbd 北京--南口, expected total 11
crawling renting info in cbd 北京--南邵, expected total 85
crawling renting info in cbd 北京--天通苑, expected total 229
crawling renting info in cbd 深圳--西乡, expected total 1793
crawling renting info in cbd 上海--航头, expected total 52
crawling renting info in cbd 上海--花木, expected total 101
crawling renting info in cbd 北京--回龙观, expected total 753
crawling renting info in cbd 上海--惠南, expected total 202
crawling renting info in cbd 广州--钟村, expected total 270
crawling renting info in cbd 上海--金桥, expected total 345
crawling renting info in cbd 漳州--石码镇, expected total 106
crawling renting info in cbd 广州--雅居乐, expected total 586
crawling renting info in cbd 漳州--长泰县, expected total 56
crawling renting info in cbd 上海--大团镇, expected total 1
crawling renting info in cbd 漳州--南滨大道, expected total 1357
crawling renting info in cbd 上海--合庆, expected total 9
crawling renting info in cbd 上海--高行, expected total 253
crawling renting info in cbd 北京--鼓楼大街, expected total 74
crawling renting info in cbd 北京--东关, expected total 93
crawling renting info in cbd 上海--川沙, expected total 208
crawling renting info in cbd 北京--昌平其它, expected total 35
crawling renting info in cbd 北京--朝阳其它, expected total 30
crawling renting info in cbd 北京--亚运村小营, expected total 248
crawling renting info in cbd 广州--亚运大道中, expected total 199
crawling renting info in cbd 上海--中远两湾城, expected total 65
crawling renting info in cbd 上海--碧云, expected total 104
crawling renting info in cbd 广州--宝岗, expected total 297
crawling renting info in cbd 北京--燕莎, expected total 95
crawling renting info in cbd 上海--曹路, expected total 113
crawling renting info in cbd 北京--北七家, expected total 232
crawling renting info in cbd 上海--真如, expected total 223
crawling renting info in cbd 广州--陈家祠, expected total 80
crawling renting info in cbd 北京--亚运村, expected total 307
crawling renting info in cbd 深圳--八卦岭, expected total 495
crawling renting info in cbd 广州--北京路, expected total 457
crawling renting info in cbd 上海--真光, expected total 90
crawling renting info in cbd 上海--万里, expected total 108
crawling renting info in cbd 上海--武宁, expected total 282
crawling renting info in cbd 漳州--招商大道, expected total 355
crawling renting info in cbd 北京--西坝河, expected total 104
crawling renting info in cbd 北京--枣园, expected total 248
crawling renting info in cbd 深圳--西丽, expected total 616
crawling renting info in cbd 广州--星河湾, expected total 277
crawling renting info in cbd 上海--桃浦, expected total 156
crawling renting info in cbd 漳州--中医院, expected total 317
crawling renting info in cbd 北京--义和庄, expected total 23
crawling renting info in cbd 上海--长征, expected total 79
crawling renting info in cbd 北京--新宫, expected total 53
crawling renting info in cbd 北京--亦庄开发区其它, expected total 253
crawling renting info in cbd 上海--甘泉宜川, expected total 209
crawling renting info in cbd 广州--越秀南, expected total 281
crawling renting info in cbd 漳州--一七五, expected total 758
crawling renting info in cbd 上海--光新, expected total 120
crawling renting info in cbd 北京--万源, expected total 35
crawling renting info in cbd 北京--瀛海, expected total 99
crawling renting info in cbd 深圳--竹子林, expected total 437
crawling renting info in cbd 广州--盘福, expected total 102
crawling renting info in cbd 上海--曹杨, expected total 122
crawling renting info in cbd 北京--西红门, expected total 157
crawling renting info in cbd 广州--小北, expected total 491
crawling renting info in cbd 上海--植物园, expected total 53
crawling renting info in cbd 上海--长风, expected total 161
crawling renting info in cbd 北京--通州其它, expected total 243
crawling renting info in cbd 上海--万体馆, expected total 105
crawling renting info in cbd 深圳--园岭, expected total 127
crawling renting info in cbd 北京--亦庄, expected total 312
crawling renting info in cbd 上海--田林, expected total 153
crawling renting info in cbd 深圳--新洲, expected total 676
crawling renting info in cbd 漳州--中山公园, expected total 220
crawling renting info in cbd 广州--淘金, expected total 648
crawling renting info in cbd 上海--上海南站, expected total 64
crawling renting info in cbd 上海--斜土路, expected total 147
crawling renting info in cbd 北京--天宫院, expected total 75
crawling renting info in cbd 漳州--市政府, expected total 459
crawling renting info in cbd 上海--徐家汇, expected total 708
crawling renting info in cbd 北京--南中轴机场商务区, expected total 37
crawling renting info in cbd 北京--马驹桥, expected total 121
crawling renting info in cbd 北京--和义, expected total 40
crawling renting info in cbd 北京--黄村中, expected total 115
crawling renting info in cbd 深圳--香蜜湖, expected total 555
crawling renting info in cbd 北京--旧宫, expected total 244
crawling renting info in cbd 广州--建设路, expected total 470
crawling renting info in cbd 漳州--沃尔玛, expected total 656
crawling renting info in cbd 北京--科技园区, expected total 447
crawling renting info in cbd 上海--徐汇滨江, expected total 97
crawling renting info in cbd 上海--龙华, expected total 213
crawling renting info in cbd 深圳--香梅北, expected total 354
crawling renting info in cbd 广州--解放北, expected total 70
crawling renting info in cbd 广州--解放南, expected total 364
crawling renting info in cbd 上海--建国西路, expected total 98
crawling renting info in cbd 漳州--人民广场, expected total 700
crawling renting info in cbd 北京--黄村火车站, expected total 55
crawling renting info in cbd 北京--高米店, expected total 179
crawling renting info in cbd 上海--华东理工, expected total 104
crawling renting info in cbd 深圳--上步, expected total 284
crawling renting info in cbd 北京--观音寺, expected total 41
crawling renting info in cbd 上海--漕河泾, expected total 24
crawling renting info in cbd 上海--康健, expected total 206
crawling renting info in cbd 北京--大兴机场空港, expected total 71
crawling renting info in cbd 广州--农讲所, expected total 312
crawling renting info in cbd 北京--大兴新机场洋房别墅区, expected total 29
crawling renting info in cbd 北京--石景山其它, expected total 62
crawling renting info in cbd 上海--衡山路, expected total 214
crawling renting info in cbd 深圳--沙尾, expected total 327
crawling renting info in cbd 北京--杨庄, expected total 85
crawling renting info in cbd 北京--老山, expected total 28
crawling renting info in cbd 北京--古城, expected total 119
crawling renting info in cbd 广州--海珠广场, expected total 156
crawling renting info in cbd 上海--豫园, expected total 68
crawling renting info in cbd 漳州--金峰, expected total 1243
crawling renting info in cbd 北京--苹果园, expected total 297
crawling renting info in cbd 深圳--上下沙, expected total 955
crawling renting info in cbd 上海--华泾, expected total 130
crawling renting info in cbd 广州--公园前, expected total 222
crawling renting info in cbd 上海--五里桥, expected total 169
crawling renting info in cbd 北京--鲁谷, expected total 293
crawling renting info in cbd 广州--东川路, expected total 494
crawling renting info in cbd 上海--世博滨江, expected total 129
crawling renting info in cbd 上海--人民广场, expected total 102
crawling renting info in cbd 北京--北大地, expected total 74
crawling renting info in cbd 上海--新天地, expected total 130
crawling renting info in cbd 北京--小红门, expected total 34
crawling renting info in cbd 北京--北关, expected total 169
crawling renting info in cbd 上海--老西门, expected total 90
crawling renting info in cbd 北京--望京, expected total 1160
crawling renting info in cbd 广州--东山口, expected total 438
crawling renting info in cbd 上海--蓬莱公园, expected total 214
crawling renting info in cbd 深圳--梅林, expected total 1356
crawling renting info in cbd 上海--淮海中路, expected total 119
crawling renting info in cbd 上海--南京东路, expected total 69
crawling renting info in cbd 漳州--女排大润发, expected total 426
crawling renting info in cbd 广州--中大, expected total 210
crawling renting info in cbd 上海--黄浦滨江, expected total 57
crawling renting info in cbd 上海--董家渡, expected total 35
crawling renting info in cbd 上海--仙霞, expected total 158
crawling renting info in cbd 广州--东湖, expected total 166
crawling renting info in cbd 上海--西郊, expected total 105
crawling renting info in cbd 广州--万胜围, expected total 952
crawling renting info in cbd 上海--镇宁路, expected total 114
crawling renting info in cbd 漳州--江滨, expected total 617
crawling renting info in cbd 上海--中山公园, expected total 531
crawling renting info in cbd 北京--甜水园, expected total 116
crawling renting info in cbd 北京--双桥, expected total 202
crawling renting info in cbd 北京--团结湖, expected total 102
crawling renting info in cbd 深圳--石厦, expected total 1032
crawling renting info in cbd 漳州--高新区, expected total 62
crawling renting info in cbd 上海--新华路, expected total 319
crawling renting info in cbd 北京--通州北苑, expected total 108
crawling renting info in cbd 北京--太阳宫, expected total 100
crawling renting info in cbd 广州--沙园, expected total 119
crawling renting info in cbd 北京--三里屯, expected total 85
crawling renting info in cbd 上海--天山, expected total 148
crawling renting info in cbd 北京--四惠, expected total 212
crawling renting info in cbd 广州--新港西, expected total 506
crawling renting info in cbd 上海--虹桥, expected total 124
crawling renting info in cbd 北京--十八里店, expected total 2
crawling renting info in cbd 北京--十里河, expected total 75
crawling renting info in cbd 上海--古北, expected total 141
crawling renting info in cbd 北京--南沙滩, expected total 114
crawling renting info in cbd 上海--长桥, expected total 53
crawling renting info in cbd 上海--打浦桥, expected total 156
crawling renting info in cbd 北京--石佛营, expected total 297
crawling renting info in cbd 广州--同福, expected total 261
crawling renting info in cbd 上海--张庙, expected total 193
crawling renting info in cbd 深圳--莲花, expected total 495
crawling finish for 漳州
crawling renting info in cbd 北京--双井, expected total 491
crawling renting info in cbd 广州--前进路, expected total 380
crawling renting info in cbd 上海--杨行, expected total 257
crawling renting info in cbd 广州--琶洲中, expected total 97
crawling renting info in cbd 深圳--华强南, expected total 365
crawling renting info in cbd 上海--北新泾, expected total 226
crawling renting info in cbd 北京--潘家园, expected total 250
crawling renting info in cbd 广州--沥滘, expected total 61
crawling renting info in cbd 广州--金碧, expected total 470
crawling renting info in cbd 上海--通河, expected total 81
crawling renting info in cbd 北京--芍药居, expected total 149
crawling renting info in cbd 上海--上大, expected total 275
crawling renting info in cbd 深圳--景田, expected total 877
crawling renting info in cbd 北京--宋家庄, expected total 108
crawling renting info in cbd 北京--十里堡, expected total 67
crawling renting info in cbd 上海--月浦, expected total 61
crawling renting info in cbd 广州--南洲, expected total 150
crawling renting info in cbd 北京--三元桥, expected total 158
crawling renting info in cbd 上海--淞南, expected total 151
crawling renting info in cbd 广州--客村, expected total 260
crawling renting info in cbd 北京--农展馆, expected total 94
crawling renting info in cbd 上海--淞宝, expected total 134
crawling renting info in cbd 北京--亮马桥, expected total 72
crawling renting info in cbd 北京--劲松, expected total 248
crawling renting info in cbd 上海--罗泾, expected total 15
crawling renting info in cbd 上海--共富, expected total 69
crawling renting info in cbd 广州--江南西, expected total 184
crawling renting info in cbd 上海--高境, expected total 201
crawling renting info in cbd 深圳--华强北, expected total 918
crawling renting info in cbd 北京--红庙, expected total 143
crawling renting info in cbd 广州--江燕路, expected total 395
crawling renting info in cbd 上海--罗店, expected total 168
crawling renting info in cbd 北京--立水桥, expected total 177
crawling renting info in cbd 上海--大场镇, expected total 82
crawling renting info in cbd 北京--华威桥, expected total 117
crawling renting info in cbd 上海--共康, expected total 148
crawling renting info in cbd 广州--磨碟沙, expected total 247
crawling renting info in cbd 北京--健翔桥, expected total 103
crawling renting info in cbd 上海--四川北路, expected total 52
crawling renting info in cbd 北京--酒仙桥, expected total 373
crawling renting info in cbd 上海--顾村, expected total 505
crawling renting info in cbd 广州--江南大道中, expected total 245
crawling renting info in cbd 深圳--福田中心, expected total 1204
crawling renting info in cbd 北京--欢乐谷, expected total 80
crawling renting info in cbd 广州--黄埔村, expected total 12
crawling renting info in cbd 广州--洪德, expected total 89
crawling renting info in cbd 北京--惠新西街, expected total 185
crawling renting info in cbd 广州--东晓路, expected total 143
crawling renting info in cbd 上海--曲阳, expected total 235
crawling renting info in cbd 北京--高碑店, expected total 113
crawling renting info in cbd 广州--工业大道南, expected total 101
crawling renting info in cbd 北京--管庄, expected total 82
crawling renting info in cbd 上海--鲁迅公园, expected total 119
crawling renting info in cbd 广州--工业大道中, expected total 687
crawling renting info in cbd 北京--甘露园, expected total 97
crawling renting info in cbd 上海--新江湾城, expected total 115
crawling renting info in cbd 北京--垡头, expected total 114
crawling renting info in cbd 上海--中原, expected total 285
crawling renting info in cbd 北京--国展, expected total 95
crawling renting info in cbd 北京--方庄, expected total 263
crawling renting info in cbd 上海--凉城, expected total 269
crawling renting info in cbd 北京--定福庄, expected total 180
crawling renting info in cbd 广州--广州大道南, expected total 560
crawling renting info in cbd 深圳--赤尾, expected total 194
crawling renting info in cbd 北京--豆各庄, expected total 110
crawling renting info in cbd 上海--江湾镇, expected total 186
crawling renting info in cbd 北京--大山子, expected total 23
crawling renting info in cbd 深圳--福田保税区, expected total 357
crawling renting info in cbd 北京--东大桥, expected total 212
crawling renting info in cbd 上海--临平路, expected total 204
crawling renting info in cbd 北京--东坝, expected total 237
crawling renting info in cbd 上海--周家嘴路, expected total 247
crawling renting info in cbd 广州--工业大道北, expected total 475
crawling renting info in cbd 深圳--车公庙, expected total 464
crawling renting info in cbd 北京--大望路, expected total 334
crawling renting info in cbd 上海--五角场, expected total 222
crawling renting info in cbd 上海--控江路, expected total 131
crawling renting info in cbd 广州--东晓南, expected total 611
crawling renting info in cbd 深圳--皇岗, expected total 1204
crawling renting info in cbd 北京--CBD, expected total 205
crawling renting info in cbd 上海--黄兴公园, expected total 300
crawling renting info in cbd 北京--朝阳公园, expected total 214
crawling renting info in cbd 上海--东外滩, expected total 94
crawling renting info in cbd 北京--朝青, expected total 318
crawling renting info in cbd 上海--江宁路, expected total 220
crawling renting info in cbd 广州--赤岗, expected total 891
crawling renting info in cbd 上海--静安寺, expected total 190
crawling renting info in cbd 北京--成寿寺, expected total 160
crawling renting info in cbd 北京--常营, expected total 348
crawling renting info in cbd 上海--南京西路, expected total 433
crawling renting info in cbd 深圳--百花, expected total 218
crawling renting info in cbd 北京--北工大, expected total 56
crawling renting info in cbd 北京--百子湾, expected total 198
crawling renting info in cbd 深圳--深圳湾, expected total 262
crawling renting info in cbd 上海--大宁, expected total 394
crawling renting info in cbd 广州--昌岗, expected total 537
crawling renting info in cbd 北京--北苑, expected total 429
crawling renting info in cbd 深圳--前海, expected total 1706
crawling renting info in cbd 上海--曹家渡, expected total 296
crawling renting info in cbd 北京--大兴新机场, expected total 76
crawling renting info in cbd 北京--紫竹桥, expected total 195
crawling renting info in cbd 广州--滨江西, expected total 42
crawling renting info in cbd 广州--周门, expected total 117
crawling renting info in cbd 上海--叶榭, expected total 1
crawling renting info in cbd 上海--小昆山, expected total 7
crawling renting info in cbd 上海--新桥, expected total 28
crawling renting info in cbd 北京--中关村, expected total 90
crawling renting info in cbd 广州--中山八, expected total 189
crawling renting info in cbd 上海--松江老城, expected total 174
crawling renting info in cbd 北京--皂君庙, expected total 132
crawling renting info in cbd 上海--佘山, expected total 119
crawling renting info in cbd 北京--知春路, expected total 127
crawling renting info in cbd 广州--滨江中, expected total 369
crawling renting info in cbd 上海--泗泾, expected total 474
crawling renting info in cbd 北京--颐和园, expected total 49
crawling renting info in cbd 北京--圆明园, expected total 37
crawling renting info in cbd 北京--玉泉路, expected total 109
crawling renting info in cbd 广州--西华路, expected total 289
crawling renting info in cbd 北京--西二旗, expected total 68
crawling renting info in cbd 北京--新街口, expected total 25
crawling renting info in cbd 北京--西直门, expected total 111
crawling renting info in cbd 上海--松江大学城, expected total 400
crawling renting info in cbd 北京--西三旗, expected total 281
crawling renting info in cbd 广州--西朗, expected total 52
crawling renting info in cbd 广州--西门口, expected total 405
crawling renting info in cbd 北京--小西天, expected total 285
crawling renting info in cbd 深圳--华侨城, expected total 715
crawling renting info in cbd 上海--松江新城, expected total 179
crawling renting info in cbd 北京--西北旺, expected total 157
crawling renting info in cbd 广州--西场, expected total 61
crawling renting info in cbd 上海--洞泾, expected total 16
crawling renting info in cbd 广州--沙面, expected total 30
crawling renting info in cbd 上海--九亭, expected total 350
crawling renting info in cbd 广州--人民路, expected total 170
crawling renting info in cbd 北京--学院路, expected total 165
crawling renting info in cbd 广州--南岸路, expected total 251
crawling renting info in cbd 北京--万寿路, expected total 61
crawling renting info in cbd 上海--新成路, expected total 15
crawling renting info in cbd 北京--西山, expected total 75
crawling renting info in cbd 上海--徐行, expected total 26
crawling renting info in cbd 上海--外冈, expected total 7
crawling renting info in cbd 上海--太仓, expected total 1
crawling renting info in cbd 北京--万柳, expected total 122
crawling renting info in cbd 深圳--科技园, expected total 1641
crawling renting info in cbd 上海--马陆, expected total 7
crawling renting info in cbd 广州--龙溪, expected total 83
crawling renting info in cbd 上海--南翔, expected total 204
crawling renting info in cbd 广州--流花站前, expected total 456
crawling renting info in cbd 北京--魏公村, expected total 65
crawling renting info in cbd 北京--双榆树, expected total 104
crawling renting info in cbd 上海--菊园新区, expected total 120
crawling renting info in cbd 北京--四季青, expected total 172
crawling renting info in cbd 上海--江桥, expected total 284
crawling renting info in cbd 北京--田村, expected total 123
crawling renting info in cbd 广州--西关, expected total 512
crawling renting info in cbd 北京--五棵松, expected total 204
crawling renting info in cbd 上海--嘉定新城, expected total 252
crawling renting info in cbd 北京--五道口, expected total 280
crawling renting info in cbd 上海--嘉定老城, expected total 69
crawling renting info in cbd 上海--丰庄, expected total 127
crawling renting info in cbd 广州--龙津, expected total 614
crawling renting info in cbd 北京--上地, expected total 136
crawling renting info in cbd 上海--庄行, expected total 11
crawling renting info in cbd 上海--西渡, expected total 106
crawling renting info in cbd 北京--世纪城, expected total 83
crawling renting info in cbd 上海--青村, expected total 3
crawling renting info in cbd 上海--四团, expected total 3
crawling renting info in cbd 北京--清河, expected total 398
crawling renting info in cbd 上海--柘林, expected total 7
crawling renting info in cbd 上海--南桥, expected total 196
crawling renting info in cbd 深圳--南头, expected total 962
crawling renting info in cbd 上海--朱家角, expected total 67
crawling renting info in cbd 上海--海湾, expected total 69
crawling renting info in cbd 广州--菊树, expected total 25
crawling renting info in cbd 北京--苏州桥, expected total 274
crawling renting info in cbd 上海--徐泾, expected total 539
crawling renting info in cbd 广州--坑口, expected total 215
crawling renting info in cbd 广州--滘口, expected total 415
crawling renting info in cbd 北京--马甸, expected total 306
crawling renting info in cbd 上海--金泽, expected total 2
crawling renting info in cbd 上海--香花桥, expected total 4
crawling renting info in cbd 上海--赵巷, expected total 279
crawling renting info in cbd 北京--马连洼, expected total 162
crawling renting info in cbd 广州--鹤洞, expected total 307
crawling renting info in cbd 北京--牡丹园, expected total 110
crawling renting info in cbd 深圳--后海, expected total 859
crawling renting info in cbd 北京--六里桥, expected total 122
crawling renting info in cbd 上海--夏阳, expected total 110
crawling renting info in cbd 广州--花地湾, expected total 159
crawling renting info in cbd 北京--海淀北部新区, expected total 290
crawling renting info in cbd 上海--盈浦, expected total 267
crawling renting info in cbd 广州--和平西, expected total 174
crawling renting info in cbd 北京--军博, expected total 132
crawling renting info in cbd 广州--黄沙, expected total 169
crawling renting info in cbd 上海--华新, expected total 117
crawling renting info in cbd 北京--海淀其它, expected total 35
crawling renting info in cbd 北京--厂洼, expected total 26
crawling renting info in cbd 上海--重固, expected total 5
crawling renting info in cbd 北京--甘家口, expected total 183
crawling renting info in cbd 上海--莘庄北广场, expected total 167
crawling renting info in cbd 广州--东塱, expected total 279
crawling renting info in cbd 上海--颛桥, expected total 203
crawling renting info in cbd 深圳--南山中心, expected total 1833
crawling renting info in cbd 北京--定慧寺, expected total 234
crawling renting info in cbd 广州--汾水, expected total 113
crawling renting info in cbd 上海--莘庄南广场, expected total 287
crawling renting info in cbd 广州--广钢新城, expected total 581
crawling renting info in cbd 北京--公主坟, expected total 152
crawling renting info in cbd 北京--二里庄, expected total 85
crawling renting info in cbd 上海--吴泾, expected total 206
crawling renting info in cbd 北京--北太平庄, expected total 44
crawling renting info in cbd 北京--白石桥, expected total 68
crawling renting info in cbd 上海--莘闵别墅, expected total 228
crawling renting info in cbd 北京--安宁庄, expected total 96
crawling renting info in cbd 北京--八角, expected total 97
crawling renting info in cbd 广州--芳村, expected total 313
crawling renting info in cbd 北京--阎村, expected total 35
crawling renting info in cbd 上海--七宝, expected total 313
crawling renting info in cbd 北京--奥林匹克公园, expected total 253
crawling renting info in cbd 广州--大坦沙, expected total 235
crawling renting info in cbd 北京--燕山, expected total 6
crawling renting info in cbd 北京--琉璃河, expected total 1
crawling renting info in cbd 北京--良乡, expected total 182
crawling renting info in cbd 上海--梅陇, expected total 120
crawling renting info in cbd 广州--东风西, expected total 118
crawling renting info in cbd 上海--浦江, expected total 199
crawling renting info in cbd 广州--茶滘, expected total 83
crawling renting info in cbd 北京--房山其它, expected total 2
crawling renting info in cbd 北京--城关, expected total 13
crawling renting info in cbd 广州--万博, expected total 1404
crawling renting info in cbd 北京--窦店, expected total 28
crawling renting info in cbd 北京--大兴其它, expected total 50
crawling renting info in cbd 上海--马桥, expected total 20
crawling renting info in cbd 北京--溪翁庄镇, expected total 28
crawling renting info in cbd 上海--闵浦, expected total 198
crawling renting info in cbd 北京--密云其它, expected total 2
crawling renting info in cbd 北京--密云镇, expected total 26
crawling renting info in cbd 北京--果园街道, expected total 36
crawling renting info in cbd 北京--古北口镇, expected total 7
crawling renting info in cbd 北京--鼓楼街道, expected total 69
crawling renting info in cbd 上海--老闵行, expected total 288
crawling renting info in cbd 深圳--红树湾, expected total 292
crawling renting info in cbd 北京--中央别墅区, expected total 332
crawling renting info in cbd 上海--龙柏, expected total 103
crawling renting info in cbd 深圳--蛇口, expected total 1578
crawling renting info in cbd 北京--天竺, expected total 27
crawling renting info in cbd 北京--首都机场, expected total 76
crawling renting info in cbd 上海--静安新城, expected total 81
crawling renting info in cbd 北京--顺义城, expected total 497
crawling renting info in cbd 上海--金汇, expected total 81
crawling renting info in cbd 上海--华漕, expected total 524
crawling renting info in cbd 北京--马坡, expected total 121
crawling renting info in cbd 广州--顺德碧桂园, expected total 86
crawling renting info in cbd 北京--顺义其它, expected total 190
crawling renting info in cbd 上海--古美, expected total 255
crawling renting info in cbd 广州--厦滘, expected total 285
crawling renting info in cbd 北京--李桥, expected total 27
crawling renting info in cbd 北京--洋桥, expected total 58
crawling renting info in cbd 上海--航华, expected total 76
crawling renting info in cbd 北京--永定门, expected total 103
crawling renting info in cbd 广州--市桥东, expected total 92
crawling renting info in cbd 上海--金虹桥, expected total 225
crawling renting info in cbd 北京--西单, expected total 66
crawling renting info in cbd 广州--沙湾, expected total 227
crawling renting info in cbd 北京--天坛, expected total 63
crawling renting info in cbd 北京--前门, expected total 23
crawling renting info in cbd 北京--西罗园, expected total 46
crawling renting info in cbd 上海--不夜城, expected total 201
crawling renting info in cbd 北京--陶然亭, expected total 155
crawling renting info in cbd 广州--石楼, expected total 149
crawling renting info in cbd 上海--白鹤, expected total 12
crawling renting info in cbd 上海--安亭, expected total 121
crawling renting info in cbd 北京--蒲黄榆, expected total 49
crawling renting info in cbd 广州--石碁, expected total 15
crawling renting info in cbd 北京--六铺炕, expected total 123
crawling renting info in cbd 广州--市桥北, expected total 375
crawling renting info in cbd 深圳--曦城, expected total 83
crawling renting info in cbd 上海--奉贤金汇, expected total 80
crawling renting info in cbd 深圳--新安, expected total 882
crawling renting info in cbd 北京--金宝街, expected total 27
crawling renting info in cbd 北京--建国门内, expected total 58
crawling renting info in cbd 上海--春申, expected total 165
crawling renting info in cbd 北京--交道口, expected total 22
crawling renting info in cbd 北京--和平里, expected total 211
crawling renting info in cbd 上海--车墩, expected total 32
crawling renting info in cbd 广州--番禺广场, expected total 175
crawling renting info in cbd 北京--建国门外, expected total 90
crawling renting info in cbd 北京--工体, expected total 140
crawling renting info in cbd 广州--桥南, expected total 662
crawling renting info in cbd 北京--广渠门, expected total 195
crawling renting info in cbd 北京--东四, expected total 53
crawling renting info in cbd 北京--东花市, expected total 86
crawling renting info in cbd 北京--地安门, expected total 28
crawling renting info in cbd 北京--灯市口, expected total 27
crawling renting info in cbd 深圳--沙井, expected total 530
crawling renting info in cbd 北京--东直门, expected total 207
crawling renting info in cbd 北京--东单, expected total 11
crawling renting info in cbd 广州--祈福新村, expected total 622
crawling renting info in cbd 北京--崇文门, expected total 220
crawling finish for 上海
crawling renting info in cbd 北京--朝阳门外, expected total 124
crawling renting info in cbd 深圳--大学城, expected total 698
crawling renting info in cbd 北京--朝阳门内, expected total 93
crawling renting info in cbd 北京--安贞, expected total 214
crawling renting info in cbd 广州--市桥, expected total 1124
crawling renting info in cbd 深圳--福永, expected total 961
crawling finish for 北京
crawling renting info in cbd 广州--番禺客运站, expected total 245
crawling renting info in cbd 深圳--松岗, expected total 176
crawling renting info in cbd 广州--南浦, expected total 585
crawling renting info in cbd 深圳--翻身, expected total 889
crawling renting info in cbd 广州--金山谷, expected total 274
crawling renting info in cbd 广州--洛溪, expected total 485
crawling renting info in cbd 深圳--碧海, expected total 408
crawling renting info in cbd 广州--南村, expected total 153
crawling renting info in cbd 深圳--坪地, expected total 289
crawling renting info in cbd 广州--莲花山, expected total 386
crawling renting info in cbd 深圳--平湖, expected total 268
crawling renting info in cbd 广州--华南碧桂园, expected total 176
crawling renting info in cbd 广州--会江, expected total 97
crawling renting info in cbd 深圳--龙岗宝荷, expected total 146
crawling renting info in cbd 广州--汉溪长隆, expected total 1121
crawling renting info in cbd 深圳--龙岗中心城, expected total 2066
crawling renting info in cbd 广州--华南新城, expected total 116
crawling renting info in cbd 广州--广州南站, expected total 205
crawling renting info in cbd 广州--官洲, expected total 111
crawling renting info in cbd 广州--滨江东, expected total 1108
crawling renting info in cbd 深圳--龙岗双龙, expected total 543
crawling renting info in cbd 广州--富豪山庄, expected total 88
crawling renting info in cbd 广州--东怡新区, expected total 175
crawling renting info in cbd 广州--国际创新城, expected total 262
crawling renting info in cbd 深圳--横岗, expected total 628
crawling renting info in cbd 广州--夏园, expected total 554
crawling renting info in cbd 深圳--丹竹头, expected total 181
crawling renting info in cbd 广州--大石, expected total 1024
crawling renting info in cbd 深圳--大运新城, expected total 1030
crawling renting info in cbd 深圳--布吉街, expected total 461
crawling renting info in cbd 广州--开发西区, expected total 84
crawling renting info in cbd 广州--文冲, expected total 526
crawling renting info in cbd 深圳--布吉南岭, expected total 168
crawling renting info in cbd 深圳--布吉石芽岭, expected total 120
crawling renting info in cbd 广州--钟落潭, expected total 14
crawling renting info in cbd 广州--大学城, expected total 295
crawling renting info in cbd 深圳--布吉水径, expected total 236
crawling renting info in cbd 深圳--梅沙, expected total 151
crawling renting info in cbd 广州--元下田, expected total 147
crawling renting info in cbd 广州--永泰, expected total 131
crawling renting info in cbd 深圳--洪湖, expected total 109
crawling renting info in cbd 深圳--布吉大芬, expected total 473
crawling renting info in cbd 广州--夏茅, expected total 203
crawling renting info in cbd 广州--人民北, expected total 12
crawling renting info in cbd 广州--太和, expected total 40
crawling renting info in cbd 广州--新市, expected total 848
crawling renting info in cbd 深圳--东门, expected total 392
crawling renting info in cbd 深圳--宝安中心, expected total 900
crawling renting info in cbd 广州--同和, expected total 735
crawling renting info in cbd 深圳--地王, expected total 846
crawling renting info in cbd 广州--三元里, expected total 141
crawling renting info in cbd 广州--西村, expected total 453
crawling renting info in cbd 深圳--布吉关, expected total 542
crawling renting info in cbd 广州--同德围, expected total 287
crawling renting info in cbd 广州--南湖, expected total 499
crawling renting info in cbd 深圳--黄贝岭, expected total 499
crawling renting info in cbd 广州--马务, expected total 183
crawling renting info in cbd 广州--龙归, expected total 112
crawling renting info in cbd 深圳--春风路, expected total 572
crawling renting info in cbd 广州--石井, expected total 352
crawling renting info in cbd 广州--麓景, expected total 324
crawling renting info in cbd 深圳--翠竹, expected total 529
crawling renting info in cbd 广州--罗冲围, expected total 519
crawling renting info in cbd 深圳--百仕达, expected total 356
crawling renting info in cbd 广州--人和, expected total 229
crawling renting info in cbd 深圳--上塘, expected total 237
crawling renting info in cbd 广州--江高镇, expected total 7
crawling renting info in cbd 广州--嘉禾望岗, expected total 555
crawling renting info in cbd 深圳--石岩, expected total 186
crawling renting info in cbd 深圳--梅林关, expected total 1213
crawling renting info in cbd 广州--京溪, expected total 468
crawling renting info in cbd 广州--机场路, expected total 1064
crawling renting info in cbd 深圳--民治, expected total 1595
crawling renting info in cbd 广州--江夏, expected total 145
crawling renting info in cbd 广州--黄石, expected total 803
crawling renting info in cbd 深圳--龙华新区, expected total 264
crawling renting info in cbd 广州--金沙洲, expected total 2206
crawling renting info in cbd 深圳--观澜, expected total 335
crawling renting info in cbd 深圳--龙华中心, expected total 6026
* large CBD -- crawling by units, expected total 236
crawling renting info in cbd 广州--景泰, expected total 663
crawling renting info in cbd 广州--黄边, expected total 484
crawling renting info in cbd 广州--东平, expected total 56
crawling renting info in cbd 广州--桂花岗, expected total 411
crawling renting info in cbd 广州--长洲岛, expected total 6
crawling renting info in cbd 广州--大金钟路, expected total 76
crawling renting info in cbd 广州--白云大道南, expected total 236
crawling renting info in cbd 广州--正果镇, expected total 2
crawling renting info in cbd 广州--知识城, expected total 2055
crawling renting info in cbd 广州--朱村, expected total 2240
crawling renting info in cbd 深圳--桃源居, expected total 100
crawling renting info in cbd 深圳--红山, expected total 1082
crawling renting info in cbd 广州--增城区府, expected total 82
crawling renting info in cbd 广州--中新镇, expected total 430
crawling renting info in cbd 广州--增城碧桂园, expected total 132
crawling renting info in cbd 广州--永和, expected total 1093
crawling renting info in cbd 广州--新塘北, expected total 1372
crawling finish for 深圳
crawling renting info in cbd 广州--香雪, expected total 1254
crawling renting info in cbd 广州--新塘南, expected total 347
crawling renting info in cbd 广州--派潭镇, expected total 27
crawling renting info in cbd 广州--小楼镇, expected total 1
crawling renting info in cbd 广州--石滩镇, expected total 759
crawling renting info in cbd 广州--沙村, expected total 913
crawling renting info in cbd 广州--荔城西区, expected total 572
crawling renting info in cbd 广州--荔城富鹏, expected total 23
crawling renting info in cbd 广州--荔城中区, expected total 113
crawling renting info in cbd 广州--荔城增江, expected total 120
crawling renting info in cbd 广州--开发东区, expected total 260
crawling renting info in cbd 广州--福和镇, expected total 23
crawling renting info in cbd 广州--新区, expected total 808
crawling renting info in cbd 广州--秀全街, expected total 174
crawling renting info in cbd 广州--凤凰城, expected total 1205
crawling renting info in cbd 广州--炭步, expected total 13
crawling renting info in cbd 广州--狮岭镇, expected total 321
crawling renting info in cbd 广州--铁路西, expected total 566
crawling renting info in cbd 广州--山前大道, expected total 3
crawling renting info in cbd 广州--花山镇, expected total 53
crawling renting info in cbd 广州--赤坭镇, expected total 1
crawling renting info in cbd 广州--旧区, expected total 908
crawling renting info in cbd 广州--镜湖大道, expected total 1024
crawling renting info in cbd 广州--花东镇, expected total 417
crawling renting info in cbd 广州--新城片区, expected total 14
crawling renting info in cbd 广州--花城街, expected total 418
crawling renting info in cbd 广州--旺城片区, expected total 3
crawling renting info in cbd 广州--神岗镇, expected total 220
crawling renting info in cbd 广州--良口镇, expected total 1
crawling renting info in cbd 广州--河滨北路, expected total 11
crawling renting info in cbd 广州--旧城区, expected total 6
crawling renting info in cbd 广州--太平镇, expected total 322
crawling renting info in cbd 广州--赤草, expected total 90
crawling renting info in cbd 广州--江浦街, expected total 166
crawling renting info in cbd 广州--白江, expected total 875
crawling renting info in cbd 广州--北兴镇, expected total 50
crawling renting info in cbd 广州--鳌头镇, expected total 12
crawling renting info in cbd 广州--大岗镇, expected total 43
crawling renting info in cbd 广州--珠江新城中, expected total 991
crawling renting info in cbd 广州--珠江新城东, expected total 1116
crawling renting info in cbd 广州--珠江新城西, expected total 920
crawling renting info in cbd 广州--燕塘, expected total 297
crawling renting info in cbd 广州--智慧城, expected total 673
crawling renting info in cbd 广州--粤垦, expected total 535
crawling renting info in cbd 广州--员村, expected total 817
crawling renting info in cbd 广州--鱼珠, expected total 164
crawling renting info in cbd 广州--杨箕, expected total 427
crawling renting info in cbd 广州--五山, expected total 121
crawling renting info in cbd 广州--天润路, expected total 515
crawling renting info in cbd 广州--天河客运站, expected total 313
crawling renting info in cbd 广州--五羊新城, expected total 416
crawling renting info in cbd 广州--棠下, expected total 766
crawling renting info in cbd 广州--体育中心, expected total 412
crawling renting info in cbd 广州--天河公园, expected total 786
crawling renting info in cbd 广州--天河南, expected total 834
crawling renting info in cbd 广州--沙太北, expected total 113
crawling renting info in cbd 广州--沙河, expected total 495
crawling renting info in cbd 广州--沙太南, expected total 603
crawling renting info in cbd 广州--龙口西, expected total 248
crawling renting info in cbd 广州--水荫, expected total 416
crawling renting info in cbd 广州--梅花园, expected total 364
crawling renting info in cbd 广州--石牌, expected total 403
crawling renting info in cbd 广州--龙口东, expected total 258
crawling renting info in cbd 广州--龙洞, expected total 183
crawling renting info in cbd 广州--林和, expected total 671
crawling renting info in cbd 广州--环市东, expected total 196
crawling renting info in cbd 广州--金融城, expected total 253
crawling renting info in cbd 广州--汇景新城, expected total 103
crawling renting info in cbd 广州--科学城, expected total 3030
* large CBD -- crawling by units, expected total 81
crawling renting info in cbd 广州--黄花岗, expected total 406
crawling renting info in cbd 广州--黄村, expected total 370
crawling renting info in cbd 广州--黄埔区府, expected total 511
crawling renting info in cbd 广州--二沙岛, expected total 10
crawling renting info in cbd 广州--高唐, expected total 81
crawling renting info in cbd 广州--华景新城, expected total 513
crawling renting info in cbd 广州--东圃, expected total 1171
crawling renting info in cbd 广州--大沙地, expected total 613
crawling renting info in cbd 广州--东风东, expected total 348
crawling renting info in cbd 广州--长兴, expected total 145
crawling renting info in cbd 广州--车陂, expected total 494
crawling renting info in cbd 广州--温泉镇, expected total 108
crawling finish for 广州
crawling finished in 1708.648689031601 sec
crawled distinct infomation in 北京 counts 27269
crawled distinct infomation in 上海 counts 24635
crawled distinct infomation in 广州 counts 65039
crawled distinct infomation in 深圳 counts 33746
crawled distinct infomation in 漳州 counts 10217
PS D:\Coding\PythonProject\Python_Homework_202211\Final> 